<?xml version="1.0" encoding="UTF-8"?>
<testsuites name="Grupo 01 - Autenticación y Acceso Gloria Figueredo" tests="2" time="0.526">
  <testsuite name="CP 01 - Login con campos obligatorios vacíos (edge case)" id="b4c20393-62f7-47e1-ac10-3b38fb304713" timestamp="2026-09-07T00:47:33.696Z" tests="8" failures="0" errors="0" time="0.268">
    <testcase name="Pre-request Gloria: consulta SQL responde 200" time="0.268" classname="Cp01LoginConCamposObligatoriosVaciosEdgeCase"/>
    <testcase name="Status 400 por email obligatorio vacío" time="0.268" classname="Cp01LoginConCamposObligatoriosVaciosEdgeCase"/>
    <testcase name="La respuesta contiene error de validación" time="0.268" classname="Cp01LoginConCamposObligatoriosVaciosEdgeCase"/>
    <testcase name="El mensaje indica solicitud inválida" time="0.268" classname="Cp01LoginConCamposObligatoriosVaciosEdgeCase"/>
    <testcase name="El detalle menciona el campo email" time="0.268" classname="Cp01LoginConCamposObligatoriosVaciosEdgeCase"/>
    <testcase name="Tiempo de respuesta menor a 3000 ms" time="0.268" classname="Cp01LoginConCamposObligatoriosVaciosEdgeCase"/>
    <testcase name="Post-response Gloria: consulta SQL responde 200" time="0.268" classname="Cp01LoginConCamposObligatoriosVaciosEdgeCase"/>
    <testcase name="El login inválido no genera un nuevo registro en BD" time="0.268" classname="Cp01LoginConCamposObligatoriosVaciosEdgeCase"/>
  </testsuite>
  <testsuite name="CP 02 – Login exitoso con correo válido (Happy Path)" id="f5b71722-b165-4c1b-8354-0a126f03d1f8" timestamp="2026-09-07T00:47:33.696Z" tests="8" failures="0" errors="0" time="0.258">
    <testcase name="Pre-request Gloria: usuario activo obtenido desde BD" time="0.258" classname="Cp02LoginExitosoConCorreoValidoHappyPath"/>
    <testcase name="Status 200 - Login exitoso" time="0.258" classname="Cp02LoginExitosoConCorreoValidoHappyPath"/>
    <testcase name="La respuesta contiene datos del usuario" time="0.258" classname="Cp02LoginExitosoConCorreoValidoHappyPath"/>
    <testcase name="El email de respuesta coincide con el obtenido desde BD" time="0.258" classname="Cp02LoginExitosoConCorreoValidoHappyPath"/>
    <testcase name="El usuario está activo" time="0.258" classname="Cp02LoginExitosoConCorreoValidoHappyPath"/>
    <testcase name="Tiempo de respuesta menor a 3000 ms" time="0.258" classname="Cp02LoginExitosoConCorreoValidoHappyPath"/>
    <testcase name="Post-response Gloria: consulta SQL responde 200" time="0.258" classname="Cp02LoginExitosoConCorreoValidoHappyPath"/>
    <testcase name="El login quedó registrado en la base de datos" time="0.258" classname="Cp02LoginExitosoConCorreoValidoHappyPath"/>
  </testsuite>
</testsuites>